<?xml version="1.0" encoding="UTF-8"?>
<!-- Generated by org.testng.reporters.JUnitReportReporter -->
<testsuite hostname="MR-CHAPAI" failures="0" tests="4" name="step_defination.BaseTest" time="3.221" errors="0" timestamp="2024-03-13T13:55:51 CDT" skipped="0">
  <testcase classname="step_defination.BaseTest" name="init" time="1.309"/>
  <system-out/>
  <testcase classname="step_defination.BaseTest" name="q" time="0.001"/>
  <system-out/>
  <testcase classname="step_defination.BaseTest" name="q" time="0.001"/>
  <system-out/>
  <testcase classname="step_defination.BaseTest" name="init" time="1.910"/>
  <system-out/>
</testsuite> <!-- step_defination.BaseTest -->
