<?xml version="1.0" encoding="UTF-8"?>
<!-- Generated by org.testng.reporters.JUnitReportReporter -->
<testsuite hostname="MR-CHAPAI" failures="0" tests="2" name="runner.TestRunner" time="9.100" errors="0" timestamp="2024-03-14T00:04:13 CDT" skipped="0">
  <testcase classname="runner.TestRunner" name="runScenario" time="3.570"/>
  <system-out/>
  <testcase classname="runner.TestRunner" name="runScenario" time="5.530"/>
  <system-out/>
</testsuite> <!-- runner.TestRunner -->
