<?xml version="1.0" encoding="UTF-8"?>
<!-- Generated by org.testng.reporters.JUnitReportReporter -->
<testsuite hostname="MR-CHAPAI" failures="0" tests="2" name="cross_browser.BaseTest" time="50.976" errors="0" timestamp="2024-03-13T16:37:06 CDT" skipped="0">
  <testcase classname="cross_browser.BaseTest" name="trytest" time="30.357"/>
  <system-out/>
  <testcase classname="cross_browser.BaseTest" name="trytest" time="20.619"/>
  <system-out/>
</testsuite> <!-- cross_browser.BaseTest -->
